2022-02-01 05:03:49,978 Clean & Press létra
2022-02-01 05:03:50,592 Clean & Press létra
2022-02-01 05:03:50,771 Láb elsõ fázis:

Bolgár guggolás 4-5 széria Ismétlés: 12-15

Guggolás: 4-5 széria Ismétlés: 8-10

Merevlábas felhúzás 3-5 széria Ismétlés 8-10
2022-02-01 05:03:50,936 Nem lesz edzés
2022-02-01 05:03:51,128 Hát elsõ fázis:

Lehúzás széles fogással 5 széria Ismétlés 10-12

Evezés döntött törzzsel 4 széria Ismétlés: 6-8
2022-02-01 05:03:51,312 Egyszerû, és ördögi
2022-02-01 05:03:54,096 Tricpesz második fázis:

Tricpesz lenyomás 5 széria 10-15 ismétlés

Fekvõ tricpesz: 4 széria Ismétlés: 8-10

Egykezes koncentrált tricepsz 3-4 széria Ismétlés 12-15
2022-02-01 05:03:54,264 Lesz edzés

Lendítések, és fekvõtámaszok

Sorozatok: 4 Ismétlés: 80 Idõtartam: 24 perc

Ismétlés tipusa: 10/2

Lendítés tipusa: Egykezes
2022-02-01 05:03:54,431 Egyszerû, és ördögi
2022-02-01 05:03:54,608 Lesz edzés

Lendítések, és fekvõtámaszok

Sorozatok: 3 Ismétlés: 60 Idõtartam: 18 perc

Ismétlés tipusa: 5/4

Lendítés tipusa: Kétkezes
2022-02-01 05:04:26,880 Lesz edzés

Szakítások

Sorozatok: 3 Ismétlés: 60 Idõtartam: 18 perc

Ismétlés tipusa: 5/4


2022-02-01 05:04:27,064 Clean & Press létra
2022-02-01 05:04:27,400 Egyszerû, és ördögi
2022-02-01 05:04:27,575 Egyszerû, és ördögi
